<?xml version="1.0" encoding="UTF-8"?>
<testng-results ignored="0" total="1" passed="1" failed="0" skipped="0">
  <reporter-output>
  </reporter-output>
  <suite started-at="2021-04-19T15:25:16 EDT" name="Default suite" finished-at="2021-04-19T15:25:28 EDT" duration-ms="12186">
    <groups>
    </groups>
    <test started-at="2021-04-19T15:25:16 EDT" name="Default test" finished-at="2021-04-19T15:25:28 EDT" duration-ms="12186">
      <class name="com.facebook.AttributesId">
        <test-method is-config="true" signature="openBrowser()[pri:0, instance:com.facebook.AttributesId@463fd068]" started-at="2021-04-19T15:25:16 EDT" name="openBrowser" finished-at="2021-04-19T15:25:28 EDT" duration-ms="11766" status="PASS">
          <reporter-output>
          </reporter-output>
        </test-method> <!-- openBrowser -->
        <test-method signature="signinContainTextest()[pri:0, instance:com.facebook.AttributesId@463fd068]" started-at="2021-04-19T15:25:28 EDT" name="signinContainTextest" finished-at="2021-04-19T15:25:28 EDT" duration-ms="221" status="PASS">
          <reporter-output>
          </reporter-output>
        </test-method> <!-- signinContainTextest -->
      </class> <!-- com.facebook.AttributesId -->
    </test> <!-- Default test -->
  </suite> <!-- Default suite -->
</testng-results>
